#
# There is insufficient memory for the Java Runtime Environment to continue.
# Native memory allocation (mmap) failed to map 98566144 bytes for G1 virtual space
# Possible reasons:
#   The system is out of physical RAM or swap space
#   The process is running with CompressedOops enabled, and the Java Heap may be blocking the growth of the native heap
# Possible solutions:
#   Reduce memory load on the system
#   Increase physical memory or swap space
#   Check if swap backing store is full
#   Decrease Java heap size (-Xmx/-Xms)
#   Decrease number of Java threads
#   Decrease Java thread stack sizes (-Xss)
#   Set larger code cache with -XX:ReservedCodeCacheSize=
#   JVM is running with Unscaled Compressed Oops mode in which the Java heap is
#     placed in the first 4GB address space. The Java Heap base address is the
#     maximum limit for the native heap growth. Please use -XX:HeapBaseMinAddress
#     to set the Java Heap base and to place the Java Heap above 4GB virtual address.
# This output file may be truncated or incomplete.
#
#  Out of Memory Error (os_windows.cpp:3603), pid=14132, tid=8096
#
# JRE version:  (21.0.9+7) (build )
# Java VM: Java HotSpot(TM) 64-Bit Server VM (21.0.9+7-LTS-338, mixed mode, sharing, tiered, compressed oops, compressed class ptrs, g1 gc, windows-amd64)
# No core dump will be written. Minidumps are not enabled by default on client versions of Windows
#

---------------  S U M M A R Y ------------

Command Line: C:\Users\MANOJ\AppData\Local\Temp\surefire5093947145692436425\surefirebooter-20251102123239146_3.jar C:\Users\MANOJ\AppData\Local\Temp\surefire5093947145692436425 2025-11-02T12-32-38_951-jvmRun1 surefire-20251102123239146_1tmp surefire_0-20251102123239146_2tmp

Host: AMD Ryzen 5 5500U with Radeon Graphics         , 12 cores, 5G,  Windows 11 , 64 bit Build 26100 (10.0.26100.6725)
Time: Sun Nov  2 12:32:40 2025 India Standard Time elapsed time: 1.103194 seconds (0d 0h 0m 1s)

---------------  T H R E A D  ---------------

Current thread (0x0000021988211a00):  JavaThread "Unknown thread" [_thread_in_vm, id=8096, stack(0x0000008b2fa00000,0x0000008b2fb00000) (1024K)]

Stack: [0x0000008b2fa00000,0x0000008b2fb00000]
Native frames: (J=compiled Java code, j=interpreted, Vv=VM code, C=native code)
V  [jvm.dll+0x6cbf89]
V  [jvm.dll+0x858421]
V  [jvm.dll+0x85a94e]
V  [jvm.dll+0x85b023]
V  [jvm.dll+0x27ebc6]
V  [jvm.dll+0x6c8705]
V  [jvm.dll+0x6bd26a]
V  [jvm.dll+0x354a0a]
V  [jvm.dll+0x35c686]
V  [jvm.dll+0x3af79e]
V  [jvm.dll+0x3afa48]
V  [jvm.dll+0x328d1c]
V  [jvm.dll+0x32987b]
V  [jvm.dll+0x821739]
V  [jvm.dll+0x3bc481]
V  [jvm.dll+0x80a9b8]
V  [jvm.dll+0x45166e]
V  [jvm.dll+0x453261]
C  [jli.dll+0x52a3]
C  [ucrtbase.dll+0x37b0]
C  [KERNEL32.DLL+0x2e8d7]
C  [ntdll.dll+0x8c53c]


---------------  P R O C E S S  ---------------

Threads class SMR info:
_java_thread_list=0x00007ffea3bffc08, length=0, elements={
}

Java Threads: ( => current thread )
Total: 0

Other Threads:
  0x000002198a6ee760 WorkerThread "GC Thread#0"                     [id=28080, stack(0x0000008b2fb00000,0x0000008b2fc00000) (1024K)]
  0x000002198a6fb220 ConcurrentGCThread "G1 Main Marker"            [id=27432, stack(0x0000008b2fc00000,0x0000008b2fd00000) (1024K)]
  0x000002198a6fbc40 WorkerThread "G1 Conc#0"                       [id=18620, stack(0x0000008b2fd00000,0x0000008b2fe00000) (1024K)]

[error occurred during error reporting (printing all threads), id 0xc0000005, EXCEPTION_ACCESS_VIOLATION (0xc0000005) at pc=0x00007ffea336b4a7]
VM state: not at safepoint (not fully initialized)

VM Mutex/Monitor currently owned by a thread:  ([mutex/lock_event])
[0x00007ffea3c70ef0] Heap_lock - owner thread: 0x0000021988211a00

Heap address: 0x00000000a2200000, size: 1502 MB, Compressed Oops mode: 32-bit

CDS archive(s) mapped at: [0x0000000000000000-0x0000000000000000-0x0000000000000000), size 0, SharedBaseAddress: 0x0000000800000000, ArchiveRelocationMode: 1.
Narrow klass base: 0x0000000000000000, Narrow klass shift: 0, Narrow klass range: 0x0

GC Precious Log:
 CardTable entry size: 512
 Card Set container configuration: InlinePtr #cards 5 size 8 Array Of Cards #cards 12 size 40 Howl #buckets 4 coarsen threshold 1843 Howl Bitmap #cards 512 size 80 coarsen threshold 460 Card regions per heap region 1 cards per card region 2048

Heap:
 garbage-first heap   total 0K, used 0K [0x00000000a2200000, 0x0000000100000000)
  region size 1024K, 0 young (0K), 0 survivors (0K)

[error occurred during error reporting (printing heap information), id 0xc0000005, EXCEPTION_ACCESS_VIOLATION (0xc0000005) at pc=0x00007ffea3754ff9]
GC Heap History (0 events):
No events

Dll operation events (1 events):
Event: 0.008 Loaded shared library C:\Program Files\Java\jdk-21\bin\java.dll

Deoptimization events (0 events):
No events

Classes loaded (0 events):
No events

Classes unloaded (0 events):
No events

Classes redefined (0 events):
No events

Internal exceptions (0 events):
No events

ZGC Phase Switch (0 events):
No events

VM Operations (0 events):
No events

Events (0 events):
No events


Dynamic libraries:
0x00007ff75fba0000 - 0x00007ff75fbb0000 	C:\Program Files\Java\jdk-21\bin\java.exe
0x00007fff2a280000 - 0x00007fff2a4e8000 	C:\WINDOWS\SYSTEM32\ntdll.dll
0x00007fff28b20000 - 0x00007fff28be9000 	C:\WINDOWS\System32\KERNEL32.DLL
0x00007fff27410000 - 0x00007fff27802000 	C:\WINDOWS\System32\KERNELBASE.dll
0x00007fff27b90000 - 0x00007fff27cdb000 	C:\WINDOWS\System32\ucrtbase.dll
0x00007fff00170000 - 0x00007fff00189000 	C:\Program Files\Java\jdk-21\bin\jli.dll
0x00007ffef7c40000 - 0x00007ffef7c5b000 	C:\Program Files\Java\jdk-21\bin\VCRUNTIME140.dll
0x00007fff29050000 - 0x00007fff29104000 	C:\WINDOWS\System32\ADVAPI32.dll
0x00007fff28c80000 - 0x00007fff28d29000 	C:\WINDOWS\System32\msvcrt.dll
0x00007fff29df0000 - 0x00007fff29e96000 	C:\WINDOWS\System32\sechost.dll
0x00007fff29a70000 - 0x00007fff29b88000 	C:\WINDOWS\System32\RPCRT4.dll
0x00007fff28d40000 - 0x00007fff28f05000 	C:\WINDOWS\System32\USER32.dll
0x00007fff27810000 - 0x00007fff27837000 	C:\WINDOWS\System32\win32u.dll
0x00007fff140b0000 - 0x00007fff14343000 	C:\WINDOWS\WinSxS\amd64_microsoft.windows.common-controls_6595b64144ccf1df_6.0.26100.6899_none_3e0efeeae32e88c1\COMCTL32.dll
0x00007fff284f0000 - 0x00007fff2851b000 	C:\WINDOWS\System32\GDI32.dll
0x00007fff27ce0000 - 0x00007fff27e0d000 	C:\WINDOWS\System32\gdi32full.dll
0x00007fff278e0000 - 0x00007fff27983000 	C:\WINDOWS\System32\msvcp_win.dll
0x00007fff1e810000 - 0x00007fff1e81b000 	C:\WINDOWS\SYSTEM32\VERSION.dll
0x00007fff28f10000 - 0x00007fff28f3f000 	C:\WINDOWS\System32\IMM32.DLL
0x00007fff07fc0000 - 0x00007fff07fcc000 	C:\Program Files\Java\jdk-21\bin\vcruntime140_1.dll
0x00007ffee9ab0000 - 0x00007ffee9b3e000 	C:\Program Files\Java\jdk-21\bin\msvcp140.dll
0x00007ffea3030000 - 0x00007ffea3d4d000 	C:\Program Files\Java\jdk-21\bin\server\jvm.dll
0x00007fff28110000 - 0x00007fff28184000 	C:\WINDOWS\System32\WS2_32.dll
0x00007fff1e7d0000 - 0x00007fff1e805000 	C:\WINDOWS\SYSTEM32\WINMM.dll
0x00007fff27270000 - 0x00007fff272ce000 	C:\WINDOWS\SYSTEM32\POWRPROF.dll
0x00007fff27250000 - 0x00007fff27264000 	C:\WINDOWS\SYSTEM32\UMPDC.dll
0x00007fff261e0000 - 0x00007fff261fb000 	C:\WINDOWS\SYSTEM32\kernel.appcore.dll
0x00007fff00030000 - 0x00007fff0003a000 	C:\Program Files\Java\jdk-21\bin\jimage.dll
0x00007fff24c20000 - 0x00007fff24e62000 	C:\WINDOWS\SYSTEM32\DBGHELP.DLL
0x00007fff29eb0000 - 0x00007fff2a22b000 	C:\WINDOWS\System32\combase.dll
0x00007fff28f50000 - 0x00007fff29027000 	C:\WINDOWS\System32\OLEAUT32.dll
0x00007fff15ac0000 - 0x00007fff15afc000 	C:\WINDOWS\SYSTEM32\dbgcore.DLL
0x00007fff27840000 - 0x00007fff278d8000 	C:\WINDOWS\System32\bcryptPrimitives.dll
0x00007ffef7c20000 - 0x00007ffef7c3f000 	C:\Program Files\Java\jdk-21\bin\java.dll

dbghelp: loaded successfully - version: 4.0.5 - missing functions: none
symbol engine: initialized successfully - sym options: 0x614 - pdb path: .;C:\Program Files\Java\jdk-21\bin;C:\WINDOWS\SYSTEM32;C:\WINDOWS\WinSxS\amd64_microsoft.windows.common-controls_6595b64144ccf1df_6.0.26100.6899_none_3e0efeeae32e88c1;C:\Program Files\Java\jdk-21\bin\server

VM Arguments:
java_command: C:\Users\MANOJ\AppData\Local\Temp\surefire5093947145692436425\surefirebooter-20251102123239146_3.jar C:\Users\MANOJ\AppData\Local\Temp\surefire5093947145692436425 2025-11-02T12-32-38_951-jvmRun1 surefire-20251102123239146_1tmp surefire_0-20251102123239146_2tmp
java_class_path (initial): C:\Users\MANOJ\AppData\Local\Temp\surefire5093947145692436425\surefirebooter-20251102123239146_3.jar
Launcher Type: SUN_STANDARD

[Global flags]
     intx CICompilerCount                          = 4                                         {product} {ergonomic}
     uint ConcGCThreads                            = 3                                         {product} {ergonomic}
     uint G1ConcRefinementThreads                  = 10                                        {product} {ergonomic}
   size_t G1HeapRegionSize                         = 1048576                                   {product} {ergonomic}
    uintx GCDrainStackTargetSize                   = 64                                        {product} {ergonomic}
   size_t InitialHeapSize                          = 98566144                                  {product} {ergonomic}
   size_t MarkStackSize                            = 4194304                                   {product} {ergonomic}
   size_t MaxHeapSize                              = 1574961152                                {product} {ergonomic}
   size_t MinHeapDeltaBytes                        = 1048576                                   {product} {ergonomic}
   size_t MinHeapSize                              = 8388608                                   {product} {ergonomic}
    uintx NonNMethodCodeHeapSize                   = 5839372                                {pd product} {ergonomic}
    uintx NonProfiledCodeHeapSize                  = 122909434                              {pd product} {ergonomic}
    uintx ProfiledCodeHeapSize                     = 122909434                              {pd product} {ergonomic}
    uintx ReservedCodeCacheSize                    = 251658240                              {pd product} {ergonomic}
     bool SegmentedCodeCache                       = true                                      {product} {ergonomic}
   size_t SoftMaxHeapSize                          = 1574961152                             {manageable} {ergonomic}
     bool UseCompressedOops                        = true                           {product lp64_product} {ergonomic}
     bool UseG1GC                                  = true                                      {product} {ergonomic}
     bool UseLargePagesIndividualAllocation        = false                                  {pd product} {ergonomic}

Logging:
Log output configuration:
 #0: stdout all=warning uptime,level,tags foldmultilines=false
 #1: stderr all=off uptime,level,tags foldmultilines=false

Environment Variables:
JAVA_HOME=C:\Program Files\Java\jdk-21
CLASSPATH=C:\mysql-connector-j-9.0.0.jar.;
PATH=C:\Python312\Scripts\;C:\Python312\;C:\Program Files\Common Files\Oracle\Java\javapath;C:\WINDOWS\system32;C:\WINDOWS;C:\WINDOWS\System32\Wbem;C:\WINDOWS\System32\WindowsPowerShell\v1.0\;C:\WINDOWS\System32\OpenSSH\;C:\Program Files\Java\jdk-18.0.2.1\bin;C:\Program Files\nodejs\;C:\ProgramData\chocolatey\bin;C:\Program Files\MySQL\MySQL Server 8.0\bin;C:\Tomcat\apache-tomcat-10.1.31\bin;C:\Program Files\Java\jdk-21\bin;C:\Users\MANOJ\OneDrive\Documents\chromedriver-win64;C:\Program Files\Amazon\AWSCLIV2\;C:\Program Files\PuTTY\;C:\Program Files\Docker\Docker\resources\bin;C:\Program Files\Git\cmd;C:\Program Files\Apache Software Foundation\apache-maven-3.9.11\bin;C:\Program Files\Java\jdk-21\bin;C:\Program Files\MySQL\MySQL Shell 8.0\bin\;C:\Users\MANOJ\AppData\Local\Microsoft\WindowsApps;C:\Users\MANOJ\AppData\Local\Programs\Microsoft VS Code\bin;C:\Users\MANOJ\AppData\Roaming\npm;C:\Users\MANOJ\AppData\Local\Programs\Microsoft VS Code Insiders\bin;
USERNAME=MANOJ
OS=Windows_NT
PROCESSOR_IDENTIFIER=AMD64 Family 23 Model 104 Stepping 1, AuthenticAMD
TMP=C:\Users\MANOJ\AppData\Local\Temp
TEMP=C:\Users\MANOJ\AppData\Local\Temp




Periodic native trim disabled

---------------  S Y S T E M  ---------------

OS:
 Windows 11 , 64 bit Build 26100 (10.0.26100.6725)
OS uptime: 0 days 23:30 hours
Hyper-V role detected

CPU: total 12 (initial active 12) (12 cores per cpu, 2 threads per core) family 23 model 104 stepping 1 microcode 0x8608103, cx8, cmov, fxsr, ht, mmx, 3dnowpref, sse, sse2, sse3, ssse3, sse4a, sse4.1, sse4.2, popcnt, lzcnt, tsc, tscinvbit, avx, avx2, aes, clmul, bmi1, bmi2, adx, sha, fma, vzeroupper, clflush, clflushopt, hv, rdtscp, rdpid, f16c
Processor Information for processor 0
  Max Mhz: 2100, Current Mhz: 1988, Mhz Limit: 2100
Processor Information for processor 1
  Max Mhz: 2100, Current Mhz: 1988, Mhz Limit: 2100
Processor Information for processor 2
  Max Mhz: 2100, Current Mhz: 1988, Mhz Limit: 2100
Processor Information for processor 3
  Max Mhz: 2100, Current Mhz: 1988, Mhz Limit: 2100
Processor Information for processor 4
  Max Mhz: 2100, Current Mhz: 1988, Mhz Limit: 2100
Processor Information for processor 5
  Max Mhz: 2100, Current Mhz: 2100, Mhz Limit: 2100
Processor Information for processor 6
  Max Mhz: 2100, Current Mhz: 1988, Mhz Limit: 2100
Processor Information for processor 7
  Max Mhz: 2100, Current Mhz: 1988, Mhz Limit: 2100
Processor Information for processor 8
  Max Mhz: 2100, Current Mhz: 1988, Mhz Limit: 2100
Processor Information for processor 9
  Max Mhz: 2100, Current Mhz: 1988, Mhz Limit: 2100
Processor Information for processor 10
  Max Mhz: 2100, Current Mhz: 1988, Mhz Limit: 2100
Processor Information for processor 11
  Max Mhz: 2100, Current Mhz: 1988, Mhz Limit: 2100

Memory: 4k page, system-wide physical 6005M (372M free)
TotalPageFile size 24437M (AvailPageFile size 47M)
current process WorkingSet (physical memory assigned to process): 12M, peak: 12M
current process commit charge ("private bytes"): 64M, peak: 158M

vm_info: Java HotSpot(TM) 64-Bit Server VM (21.0.9+7-LTS-338) for windows-amd64 JRE (21.0.9+7-LTS-338), built on 2025-09-26T06:33:49Z by "mach5run" with MS VC++ 17.6 (VS2022)

END.
