#
# There is insufficient memory for the Java Runtime Environment to continue.
# Native memory allocation (malloc) failed to allocate 1352656 bytes for Chunk::new
# Possible reasons:
#   The system is out of physical RAM or swap space
#   The process is running with CompressedOops enabled, and the Java Heap may be blocking the growth of the native heap
# Possible solutions:
#   Reduce memory load on the system
#   Increase physical memory or swap space
#   Check if swap backing store is full
#   Decrease Java heap size (-Xmx/-Xms)
#   Decrease number of Java threads
#   Decrease Java thread stack sizes (-Xss)
#   Set larger code cache with -XX:ReservedCodeCacheSize=
#   JVM is running with Unscaled Compressed Oops mode in which the Java heap is
#     placed in the first 4GB address space. The Java Heap base address is the
#     maximum limit for the native heap growth. Please use -XX:HeapBaseMinAddress
#     to set the Java Heap base and to place the Java Heap above 4GB virtual address.
# This output file may be truncated or incomplete.
#
#  Out of Memory Error (arena.cpp:168), pid=20216, tid=20288
#
# JRE version: Java(TM) SE Runtime Environment (21.0.9+7) (build 21.0.9+7-LTS-338)
# Java VM: Java HotSpot(TM) 64-Bit Server VM (21.0.9+7-LTS-338, mixed mode, sharing, tiered, compressed oops, compressed class ptrs, g1 gc, windows-amd64)
# No core dump will be written. Minidumps are not enabled by default on client versions of Windows
#

---------------  S U M M A R Y ------------

Command Line: --enable-native-access=ALL-UNNAMED -Dclassworlds.conf=C:\Program Files\Apache Software Foundation\apache-maven-3.9.11\bin\m2.conf -Dmaven.home=C:\Program Files\Apache Software Foundation\apache-maven-3.9.11 -Dlibrary.jansi.path=C:\Program Files\Apache Software Foundation\apache-maven-3.9.11\lib\jansi-native -Dmaven.multiModuleProjectDirectory=C:\portfolio org.codehaus.plexus.classworlds.launcher.Launcher clean package

Host: AMD Ryzen 5 5500U with Radeon Graphics         , 12 cores, 5G,  Windows 11 , 64 bit Build 26100 (10.0.26100.6725)
Time: Sun Nov  2 12:52:25 2025 India Standard Time elapsed time: 8.423780 seconds (0d 0h 0m 8s)

---------------  T H R E A D  ---------------

Current thread (0x000001ffdd18f600):  JavaThread "C2 CompilerThread0" daemon [_thread_in_native, id=20288, stack(0x000000daeae00000,0x000000daeaf00000) (1024K)]


Current CompileTask:
C2:   8423 4927   !   4       jdk.internal.loader.BuiltinClassLoader::loadClassOrNull (143 bytes)

Stack: [0x000000daeae00000,0x000000daeaf00000]
Native frames: (J=compiled Java code, j=interpreted, Vv=VM code, C=native code)
V  [jvm.dll+0x6cbf89]
V  [jvm.dll+0x858421]
V  [jvm.dll+0x85a94e]
V  [jvm.dll+0x85b023]
V  [jvm.dll+0x27ebc6]
V  [jvm.dll+0xc4f4d]
V  [jvm.dll+0xc5483]
V  [jvm.dll+0x3b69c2]
V  [jvm.dll+0x382925]
V  [jvm.dll+0x381d9a]
V  [jvm.dll+0x247640]
V  [jvm.dll+0x246c1f]
V  [jvm.dll+0x1c7a3e]
V  [jvm.dll+0x256329]
V  [jvm.dll+0x2548ba]
V  [jvm.dll+0x3efdee]
V  [jvm.dll+0x80265b]
V  [jvm.dll+0x6ca66d]
C  [ucrtbase.dll+0x37b0]
C  [KERNEL32.DLL+0x2e8d7]
C  [ntdll.dll+0x8c53c]


---------------  P R O C E S S  ---------------

Threads class SMR info:
_java_thread_list=0x000002002343c900, length=12, elements={
0x000001ffbeb34810, 0x000001ffdd17d270, 0x000001ffdd17ebf0, 0x000001ffdd184c60,
0x000001ffdd185c80, 0x000001ffdd187400, 0x000001ffdd188b80, 0x000001ffdd18f600,
0x000001ffdd19c830, 0x000001ffdd439020, 0x000001ffdd4474e0, 0x000002002360f270
}

Java Threads: ( => current thread )
  0x000001ffbeb34810 JavaThread "main"                              [_thread_in_vm, id=27172, stack(0x000000daea000000,0x000000daea100000) (1024K)]
  0x000001ffdd17d270 JavaThread "Reference Handler"          daemon [_thread_blocked, id=28020, stack(0x000000daea800000,0x000000daea900000) (1024K)]
  0x000001ffdd17ebf0 JavaThread "Finalizer"                  daemon [_thread_blocked, id=23516, stack(0x000000daea900000,0x000000daeaa00000) (1024K)]
  0x000001ffdd184c60 JavaThread "Signal Dispatcher"          daemon [_thread_blocked, id=27252, stack(0x000000daeaa00000,0x000000daeab00000) (1024K)]
  0x000001ffdd185c80 JavaThread "Attach Listener"            daemon [_thread_blocked, id=12856, stack(0x000000daeab00000,0x000000daeac00000) (1024K)]
  0x000001ffdd187400 JavaThread "Service Thread"             daemon [_thread_blocked, id=24484, stack(0x000000daeac00000,0x000000daead00000) (1024K)]
  0x000001ffdd188b80 JavaThread "Monitor Deflation Thread"   daemon [_thread_blocked, id=18072, stack(0x000000daead00000,0x000000daeae00000) (1024K)]
=>0x000001ffdd18f600 JavaThread "C2 CompilerThread0"         daemon [_thread_in_native, id=20288, stack(0x000000daeae00000,0x000000daeaf00000) (1024K)]
  0x000001ffdd19c830 JavaThread "C1 CompilerThread0"         daemon [_thread_blocked, id=26348, stack(0x000000daeaf00000,0x000000daeb000000) (1024K)]
  0x000001ffdd439020 JavaThread "Notification Thread"        daemon [_thread_blocked, id=27688, stack(0x000000daeb000000,0x000000daeb100000) (1024K)]
  0x000001ffdd4474e0 JavaThread "Common-Cleaner"             daemon [_thread_blocked, id=25836, stack(0x000000daeb100000,0x000000daeb200000) (1024K)]
  0x000002002360f270 JavaThread "Thread-1"                   daemon [_thread_blocked, id=7140, stack(0x000000daebc00000,0x000000daebd00000) (1024K)]
Total: 12

Other Threads:
  0x000001ffdd164390 VMThread "VM Thread"                           [id=25780, stack(0x000000daea700000,0x000000daea800000) (1024K)]
  0x000001ffdd152260 WatcherThread "VM Periodic Task Thread"        [id=9756, stack(0x000000daea600000,0x000000daea700000) (1024K)]
  0x000001ffc0e1fb60 WorkerThread "GC Thread#0"                     [id=21160, stack(0x000000daea100000,0x000000daea200000) (1024K)]
  0x000002002326ddd0 WorkerThread "GC Thread#1"                     [id=21236, stack(0x000000daeb300000,0x000000daeb400000) (1024K)]
  0x000002002343b590 WorkerThread "GC Thread#2"                     [id=16272, stack(0x000000daeb400000,0x000000daeb500000) (1024K)]
  0x000002002343b940 WorkerThread "GC Thread#3"                     [id=4632, stack(0x000000daeb500000,0x000000daeb600000) (1024K)]
  0x000002002343bcf0 WorkerThread "GC Thread#4"                     [id=12060, stack(0x000000daeb600000,0x000000daeb700000) (1024K)]
  0x000002002343cac0 WorkerThread "GC Thread#5"                     [id=20016, stack(0x000000daeb700000,0x000000daeb800000) (1024K)]
  0x000001ffddf098e0 WorkerThread "GC Thread#6"                     [id=21132, stack(0x000000daeb800000,0x000000daeb900000) (1024K)]
  0x000001ffddf0a0a0 WorkerThread "GC Thread#7"                     [id=7736, stack(0x000000daeb900000,0x000000daeba00000) (1024K)]
  0x00000200234cccb0 WorkerThread "GC Thread#8"                     [id=7308, stack(0x000000daeb200000,0x000000daeb300000) (1024K)]
  0x00000200234cb690 WorkerThread "GC Thread#9"                     [id=9584, stack(0x000000daeba00000,0x000000daebb00000) (1024K)]
  0x000001ffc0e2d720 ConcurrentGCThread "G1 Main Marker"            [id=26636, stack(0x000000daea200000,0x000000daea300000) (1024K)]
  0x000001ffc0e2f0b0 WorkerThread "G1 Conc#0"                       [id=3104, stack(0x000000daea300000,0x000000daea400000) (1024K)]
  0x00000200234cbdf0 WorkerThread "G1 Conc#1"                       [id=12992, stack(0x000000daebb00000,0x000000daebc00000) (1024K)]
  0x00000200234cc550 WorkerThread "G1 Conc#2"                       [id=2952, stack(0x000000daebd00000,0x000000daebe00000) (1024K)]
  0x000001ffdd0244d0 ConcurrentGCThread "G1 Refine#0"               [id=13972, stack(0x000000daea400000,0x000000daea500000) (1024K)]
  0x000001ffdd024d00 ConcurrentGCThread "G1 Service"                [id=16036, stack(0x000000daea500000,0x000000daea600000) (1024K)]
Total: 18

Threads with active compile tasks:
C2 CompilerThread0     8456 4927   !   4       jdk.internal.loader.BuiltinClassLoader::loadClassOrNull (143 bytes)
Total: 1

VM state: not at safepoint (normal execution)

VM Mutex/Monitor currently owned by a thread: None

Heap address: 0x00000000a2200000, size: 1502 MB, Compressed Oops mode: 32-bit

CDS archive(s) mapped at: [0x000001ffde000000-0x000001ffdec90000-0x000001ffdec90000), size 13172736, SharedBaseAddress: 0x000001ffde000000, ArchiveRelocationMode: 1.
Compressed class space mapped at: 0x000001ffdf000000-0x000002001f000000, reserved size: 1073741824
Narrow klass base: 0x000001ffde000000, Narrow klass shift: 0, Narrow klass range: 0x100000000

GC Precious Log:
 CardTable entry size: 512
 Card Set container configuration: InlinePtr #cards 5 size 8 Array Of Cards #cards 12 size 40 Howl #buckets 4 coarsen threshold 1843 Howl Bitmap #cards 512 size 80 coarsen threshold 460 Card regions per heap region 1 cards per card region 2048
 CPUs: 12 total, 12 available
 Memory: 6005M
 Large Page Support: Disabled
 NUMA Support: Disabled
 Compressed Oops: Enabled (32-bit)
 Heap Region Size: 1M
 Heap Min Capacity: 8M
 Heap Initial Capacity: 94M
 Heap Max Capacity: 1502M
 Pre-touch: Disabled
 Parallel Workers: 10
 Concurrent Workers: 3
 Concurrent Refinement Workers: 10
 Periodic GC: Disabled

Heap:
 garbage-first heap   total 92160K, used 26624K [0x00000000a2200000, 0x0000000100000000)
  region size 1024K, 8 young (8192K), 7 survivors (7168K)
 Metaspace       used 23682K, committed 24128K, reserved 1114112K
  class space    used 2745K, committed 2944K, reserved 1048576K

Heap Regions: E=young(eden), S=young(survivor), O=old, HS=humongous(starts), HC=humongous(continues), CS=collection set, F=free, TAMS=top-at-mark-start, PB=parsable bottom
|   0|0x00000000a2200000, 0x00000000a2300000, 0x00000000a2300000|100%| O|  |TAMS 0x00000000a2200000| PB 0x00000000a2200000| Untracked 
|   1|0x00000000a2300000, 0x00000000a2400000, 0x00000000a2400000|100%| O|  |TAMS 0x00000000a2300000| PB 0x00000000a2300000| Untracked 
|   2|0x00000000a2400000, 0x00000000a2500000, 0x00000000a2500000|100%| O|  |TAMS 0x00000000a2400000| PB 0x00000000a2400000| Untracked 
|   3|0x00000000a2500000, 0x00000000a2600000, 0x00000000a2600000|100%| O|  |TAMS 0x00000000a2500000| PB 0x00000000a2500000| Untracked 
|   4|0x00000000a2600000, 0x00000000a2700000, 0x00000000a2700000|100%| O|  |TAMS 0x00000000a2600000| PB 0x00000000a2600000| Untracked 
|   5|0x00000000a2700000, 0x00000000a2800000, 0x00000000a2800000|100%| O|  |TAMS 0x00000000a2700000| PB 0x00000000a2700000| Untracked 
|   6|0x00000000a2800000, 0x00000000a2900000, 0x00000000a2900000|100%| O|  |TAMS 0x00000000a2800000| PB 0x00000000a2800000| Untracked 
|   7|0x00000000a2900000, 0x00000000a2a00000, 0x00000000a2a00000|100%| O|  |TAMS 0x00000000a2900000| PB 0x00000000a2900000| Untracked 
|   8|0x00000000a2a00000, 0x00000000a2b00000, 0x00000000a2b00000|100%| O|  |TAMS 0x00000000a2a00000| PB 0x00000000a2a00000| Untracked 
|   9|0x00000000a2b00000, 0x00000000a2c00000, 0x00000000a2c00000|100%| O|  |TAMS 0x00000000a2b00000| PB 0x00000000a2b00000| Untracked 
|  10|0x00000000a2c00000, 0x00000000a2d00000, 0x00000000a2d00000|100%| O|  |TAMS 0x00000000a2c00000| PB 0x00000000a2c00000| Untracked 
|  11|0x00000000a2d00000, 0x00000000a2e00000, 0x00000000a2e00000|100%| O|  |TAMS 0x00000000a2d00000| PB 0x00000000a2d00000| Untracked 
|  12|0x00000000a2e00000, 0x00000000a2f00000, 0x00000000a2f00000|100%| O|Cm|TAMS 0x00000000a2e00000| PB 0x00000000a2e00000| Complete 
|  13|0x00000000a2f00000, 0x00000000a3000000, 0x00000000a3000000|100%|HS|  |TAMS 0x00000000a2f00000| PB 0x00000000a2f00000| Complete 
|  14|0x00000000a3000000, 0x00000000a3100000, 0x00000000a3100000|100%|HC|  |TAMS 0x00000000a3000000| PB 0x00000000a3000000| Complete 
|  15|0x00000000a3100000, 0x00000000a3200000, 0x00000000a3200000|100%|HC|  |TAMS 0x00000000a3100000| PB 0x00000000a3100000| Complete 
|  16|0x00000000a3200000, 0x00000000a3300000, 0x00000000a3300000|100%|HS|  |TAMS 0x00000000a3200000| PB 0x00000000a3200000| Complete 
|  17|0x00000000a3300000, 0x00000000a3400000, 0x00000000a3400000|100%|HC|  |TAMS 0x00000000a3300000| PB 0x00000000a3300000| Complete 
|  18|0x00000000a3400000, 0x00000000a3500000, 0x00000000a3500000|100%|HC|  |TAMS 0x00000000a3400000| PB 0x00000000a3400000| Complete 
|  19|0x00000000a3500000, 0x00000000a3500000, 0x00000000a3600000|  0%| F|  |TAMS 0x00000000a3500000| PB 0x00000000a3500000| Untracked 
|  20|0x00000000a3600000, 0x00000000a3600000, 0x00000000a3700000|  0%| F|  |TAMS 0x00000000a3600000| PB 0x00000000a3600000| Untracked 
|  21|0x00000000a3700000, 0x00000000a3700000, 0x00000000a3800000|  0%| F|  |TAMS 0x00000000a3700000| PB 0x00000000a3700000| Untracked 
|  22|0x00000000a3800000, 0x00000000a3800000, 0x00000000a3900000|  0%| F|  |TAMS 0x00000000a3800000| PB 0x00000000a3800000| Untracked 
|  23|0x00000000a3900000, 0x00000000a3900000, 0x00000000a3a00000|  0%| F|  |TAMS 0x00000000a3900000| PB 0x00000000a3900000| Untracked 
|  24|0x00000000a3a00000, 0x00000000a3a00000, 0x00000000a3b00000|  0%| F|  |TAMS 0x00000000a3a00000| PB 0x00000000a3a00000| Untracked 
|  25|0x00000000a3b00000, 0x00000000a3b00000, 0x00000000a3c00000|  0%| F|  |TAMS 0x00000000a3b00000| PB 0x00000000a3b00000| Untracked 
|  26|0x00000000a3c00000, 0x00000000a3c00000, 0x00000000a3d00000|  0%| F|  |TAMS 0x00000000a3c00000| PB 0x00000000a3c00000| Untracked 
|  27|0x00000000a3d00000, 0x00000000a3d00000, 0x00000000a3e00000|  0%| F|  |TAMS 0x00000000a3d00000| PB 0x00000000a3d00000| Untracked 
|  28|0x00000000a3e00000, 0x00000000a3e00000, 0x00000000a3f00000|  0%| F|  |TAMS 0x00000000a3e00000| PB 0x00000000a3e00000| Untracked 
|  29|0x00000000a3f00000, 0x00000000a3f00000, 0x00000000a4000000|  0%| F|  |TAMS 0x00000000a3f00000| PB 0x00000000a3f00000| Untracked 
|  30|0x00000000a4000000, 0x00000000a4000000, 0x00000000a4100000|  0%| F|  |TAMS 0x00000000a4000000| PB 0x00000000a4000000| Untracked 
|  31|0x00000000a4100000, 0x00000000a4100000, 0x00000000a4200000|  0%| F|  |TAMS 0x00000000a4100000| PB 0x00000000a4100000| Untracked 
|  32|0x00000000a4200000, 0x00000000a4200000, 0x00000000a4300000|  0%| F|  |TAMS 0x00000000a4200000| PB 0x00000000a4200000| Untracked 
|  33|0x00000000a4300000, 0x00000000a4300000, 0x00000000a4400000|  0%| F|  |TAMS 0x00000000a4300000| PB 0x00000000a4300000| Untracked 
|  34|0x00000000a4400000, 0x00000000a4400000, 0x00000000a4500000|  0%| F|  |TAMS 0x00000000a4400000| PB 0x00000000a4400000| Untracked 
|  35|0x00000000a4500000, 0x00000000a4500000, 0x00000000a4600000|  0%| F|  |TAMS 0x00000000a4500000| PB 0x00000000a4500000| Untracked 
|  36|0x00000000a4600000, 0x00000000a4600000, 0x00000000a4700000|  0%| F|  |TAMS 0x00000000a4600000| PB 0x00000000a4600000| Untracked 
|  37|0x00000000a4700000, 0x00000000a4700000, 0x00000000a4800000|  0%| F|  |TAMS 0x00000000a4700000| PB 0x00000000a4700000| Untracked 
|  38|0x00000000a4800000, 0x00000000a4800000, 0x00000000a4900000|  0%| F|  |TAMS 0x00000000a4800000| PB 0x00000000a4800000| Untracked 
|  39|0x00000000a4900000, 0x00000000a4900000, 0x00000000a4a00000|  0%| F|  |TAMS 0x00000000a4900000| PB 0x00000000a4900000| Untracked 
|  40|0x00000000a4a00000, 0x00000000a4a00000, 0x00000000a4b00000|  0%| F|  |TAMS 0x00000000a4a00000| PB 0x00000000a4a00000| Untracked 
|  41|0x00000000a4b00000, 0x00000000a4b00000, 0x00000000a4c00000|  0%| F|  |TAMS 0x00000000a4b00000| PB 0x00000000a4b00000| Untracked 
|  42|0x00000000a4c00000, 0x00000000a4c00000, 0x00000000a4d00000|  0%| F|  |TAMS 0x00000000a4c00000| PB 0x00000000a4c00000| Untracked 
|  43|0x00000000a4d00000, 0x00000000a4d00000, 0x00000000a4e00000|  0%| F|  |TAMS 0x00000000a4d00000| PB 0x00000000a4d00000| Untracked 
|  44|0x00000000a4e00000, 0x00000000a4e00000, 0x00000000a4f00000|  0%| F|  |TAMS 0x00000000a4e00000| PB 0x00000000a4e00000| Untracked 
|  45|0x00000000a4f00000, 0x00000000a4f00000, 0x00000000a5000000|  0%| F|  |TAMS 0x00000000a4f00000| PB 0x00000000a4f00000| Untracked 
|  46|0x00000000a5000000, 0x00000000a5000000, 0x00000000a5100000|  0%| F|  |TAMS 0x00000000a5000000| PB 0x00000000a5000000| Untracked 
|  47|0x00000000a5100000, 0x00000000a5100000, 0x00000000a5200000|  0%| F|  |TAMS 0x00000000a5100000| PB 0x00000000a5100000| Untracked 
|  48|0x00000000a5200000, 0x00000000a5200000, 0x00000000a5300000|  0%| F|  |TAMS 0x00000000a5200000| PB 0x00000000a5200000| Untracked 
|  49|0x00000000a5300000, 0x00000000a5300000, 0x00000000a5400000|  0%| F|  |TAMS 0x00000000a5300000| PB 0x00000000a5300000| Untracked 
|  50|0x00000000a5400000, 0x00000000a5400000, 0x00000000a5500000|  0%| F|  |TAMS 0x00000000a5400000| PB 0x00000000a5400000| Untracked 
|  51|0x00000000a5500000, 0x00000000a5500000, 0x00000000a5600000|  0%| F|  |TAMS 0x00000000a5500000| PB 0x00000000a5500000| Untracked 
|  52|0x00000000a5600000, 0x00000000a5600000, 0x00000000a5700000|  0%| F|  |TAMS 0x00000000a5600000| PB 0x00000000a5600000| Untracked 
|  53|0x00000000a5700000, 0x00000000a5700000, 0x00000000a5800000|  0%| F|  |TAMS 0x00000000a5700000| PB 0x00000000a5700000| Untracked 
|  54|0x00000000a5800000, 0x00000000a5800000, 0x00000000a5900000|  0%| F|  |TAMS 0x00000000a5800000| PB 0x00000000a5800000| Untracked 
|  55|0x00000000a5900000, 0x00000000a5900000, 0x00000000a5a00000|  0%| F|  |TAMS 0x00000000a5900000| PB 0x00000000a5900000| Untracked 
|  56|0x00000000a5a00000, 0x00000000a5a00000, 0x00000000a5b00000|  0%| F|  |TAMS 0x00000000a5a00000| PB 0x00000000a5a00000| Untracked 
|  57|0x00000000a5b00000, 0x00000000a5b00000, 0x00000000a5c00000|  0%| F|  |TAMS 0x00000000a5b00000| PB 0x00000000a5b00000| Untracked 
|  58|0x00000000a5c00000, 0x00000000a5c00000, 0x00000000a5d00000|  0%| F|  |TAMS 0x00000000a5c00000| PB 0x00000000a5c00000| Untracked 
|  59|0x00000000a5d00000, 0x00000000a5d00000, 0x00000000a5e00000|  0%| F|  |TAMS 0x00000000a5d00000| PB 0x00000000a5d00000| Untracked 
|  60|0x00000000a5e00000, 0x00000000a5f00000, 0x00000000a5f00000|100%| S|CS|TAMS 0x00000000a5e00000| PB 0x00000000a5e00000| Complete 
|  61|0x00000000a5f00000, 0x00000000a6000000, 0x00000000a6000000|100%| S|CS|TAMS 0x00000000a5f00000| PB 0x00000000a5f00000| Complete 
|  62|0x00000000a6000000, 0x00000000a6100000, 0x00000000a6100000|100%| S|CS|TAMS 0x00000000a6000000| PB 0x00000000a6000000| Complete 
|  63|0x00000000a6100000, 0x00000000a6200000, 0x00000000a6200000|100%| S|CS|TAMS 0x00000000a6100000| PB 0x00000000a6100000| Complete 
|  64|0x00000000a6200000, 0x00000000a6300000, 0x00000000a6300000|100%| S|CS|TAMS 0x00000000a6200000| PB 0x00000000a6200000| Complete 
|  65|0x00000000a6300000, 0x00000000a6400000, 0x00000000a6400000|100%| S|CS|TAMS 0x00000000a6300000| PB 0x00000000a6300000| Complete 
|  66|0x00000000a6400000, 0x00000000a6500000, 0x00000000a6500000|100%| S|CS|TAMS 0x00000000a6400000| PB 0x00000000a6400000| Complete 
|  67|0x00000000a6500000, 0x00000000a6500000, 0x00000000a6600000|  0%| F|  |TAMS 0x00000000a6500000| PB 0x00000000a6500000| Untracked 
|  68|0x00000000a6600000, 0x00000000a6600000, 0x00000000a6700000|  0%| F|  |TAMS 0x00000000a6600000| PB 0x00000000a6600000| Untracked 
|  69|0x00000000a6700000, 0x00000000a6700000, 0x00000000a6800000|  0%| F|  |TAMS 0x00000000a6700000| PB 0x00000000a6700000| Untracked 
|  70|0x00000000a6800000, 0x00000000a6800000, 0x00000000a6900000|  0%| F|  |TAMS 0x00000000a6800000| PB 0x00000000a6800000| Untracked 
|  71|0x00000000a6900000, 0x00000000a6900000, 0x00000000a6a00000|  0%| F|  |TAMS 0x00000000a6900000| PB 0x00000000a6900000| Untracked 
|  72|0x00000000a6a00000, 0x00000000a6a00000, 0x00000000a6b00000|  0%| F|  |TAMS 0x00000000a6a00000| PB 0x00000000a6a00000| Untracked 
|  73|0x00000000a6b00000, 0x00000000a6b00000, 0x00000000a6c00000|  0%| F|  |TAMS 0x00000000a6b00000| PB 0x00000000a6b00000| Untracked 
|  74|0x00000000a6c00000, 0x00000000a6c00000, 0x00000000a6d00000|  0%| F|  |TAMS 0x00000000a6c00000| PB 0x00000000a6c00000| Untracked 
|  75|0x00000000a6d00000, 0x00000000a6d00000, 0x00000000a6e00000|  0%| F|  |TAMS 0x00000000a6d00000| PB 0x00000000a6d00000| Untracked 
|  76|0x00000000a6e00000, 0x00000000a6e00000, 0x00000000a6f00000|  0%| F|  |TAMS 0x00000000a6e00000| PB 0x00000000a6e00000| Untracked 
|  77|0x00000000a6f00000, 0x00000000a6f00000, 0x00000000a7000000|  0%| F|  |TAMS 0x00000000a6f00000| PB 0x00000000a6f00000| Untracked 
|  78|0x00000000a7000000, 0x00000000a7000000, 0x00000000a7100000|  0%| F|  |TAMS 0x00000000a7000000| PB 0x00000000a7000000| Untracked 
|  79|0x00000000a7100000, 0x00000000a7100000, 0x00000000a7200000|  0%| F|  |TAMS 0x00000000a7100000| PB 0x00000000a7100000| Untracked 
|  80|0x00000000a7200000, 0x00000000a7200000, 0x00000000a7300000|  0%| F|  |TAMS 0x00000000a7200000| PB 0x00000000a7200000| Untracked 
|  81|0x00000000a7300000, 0x00000000a7300000, 0x00000000a7400000|  0%| F|  |TAMS 0x00000000a7300000| PB 0x00000000a7300000| Untracked 
|  82|0x00000000a7400000, 0x00000000a7400000, 0x00000000a7500000|  0%| F|  |TAMS 0x00000000a7400000| PB 0x00000000a7400000| Untracked 
|  83|0x00000000a7500000, 0x00000000a7500000, 0x00000000a7600000|  0%| F|  |TAMS 0x00000000a7500000| PB 0x00000000a7500000| Untracked 
|  84|0x00000000a7600000, 0x00000000a7600000, 0x00000000a7700000|  0%| F|  |TAMS 0x00000000a7600000| PB 0x00000000a7600000| Untracked 
|  85|0x00000000a7700000, 0x00000000a7700000, 0x00000000a7800000|  0%| F|  |TAMS 0x00000000a7700000| PB 0x00000000a7700000| Untracked 
|  86|0x00000000a7800000, 0x00000000a7800000, 0x00000000a7900000|  0%| F|  |TAMS 0x00000000a7800000| PB 0x00000000a7800000| Untracked 
|  87|0x00000000a7900000, 0x00000000a7900000, 0x00000000a7a00000|  0%| F|  |TAMS 0x00000000a7900000| PB 0x00000000a7900000| Untracked 
|  88|0x00000000a7a00000, 0x00000000a7a00000, 0x00000000a7b00000|  0%| F|  |TAMS 0x00000000a7a00000| PB 0x00000000a7a00000| Untracked 
|  93|0x00000000a7f00000, 0x00000000a8000000, 0x00000000a8000000|100%| E|  |TAMS 0x00000000a7f00000| PB 0x00000000a7f00000| Complete 

Card table byte_map: [0x000001ffd8ad0000,0x000001ffd8dc0000] _byte_map_base: 0x000001ffd85bf000

Marking Bits: (CMBitMap*) 0x000001ffc0e20270
 Bits: [0x000001ffd8dc0000, 0x000001ffda538000)

Polling page: 0x000001ffbede0000

Metaspace:

Usage:
  Non-class:     20.49 MB used.
      Class:      2.69 MB used.
       Both:     23.18 MB used.

Virtual space:
  Non-class space:       64.00 MB reserved,      20.69 MB ( 32%) committed,  1 nodes.
      Class space:        1.00 GB reserved,       2.88 MB ( <1%) committed,  1 nodes.
             Both:        1.06 GB reserved,      23.56 MB (  2%) committed. 

Chunk freelists:
   Non-Class:  11.31 MB
       Class:  13.11 MB
        Both:  24.42 MB

MaxMetaspaceSize: unlimited
CompressedClassSpaceSize: 1.00 GB
Initial GC threshold: 21.00 MB
Current GC threshold: 35.31 MB
CDS: on
 - commit_granule_bytes: 65536.
 - commit_granule_words: 8192.
 - virtual_space_node_default_size: 8388608.
 - enlarge_chunks_in_place: 1.
 - use_allocation_guard: 0.


Internal statistics:

num_allocs_failed_limit: 3.
num_arena_births: 224.
num_arena_deaths: 0.
num_vsnodes_births: 2.
num_vsnodes_deaths: 0.
num_space_committed: 377.
num_space_uncommitted: 0.
num_chunks_returned_to_freelist: 3.
num_chunks_taken_from_freelist: 1025.
num_chunk_merges: 3.
num_chunk_splits: 745.
num_chunks_enlarged: 607.
num_inconsistent_stats: 0.

CodeHeap 'non-profiled nmethods': size=120000Kb used=2522Kb max_used=2522Kb free=117477Kb
 bounds [0x000001ffd0d50000, 0x000001ffd0fd0000, 0x000001ffd8280000]
CodeHeap 'profiled nmethods': size=120000Kb used=10192Kb max_used=10192Kb free=109807Kb
 bounds [0x000001ffc9280000, 0x000001ffc9c80000, 0x000001ffd07b0000]
CodeHeap 'non-nmethods': size=5760Kb used=1441Kb max_used=1480Kb free=4318Kb
 bounds [0x000001ffd07b0000, 0x000001ffd0a20000, 0x000001ffd0d50000]
 total_blobs=5468 nmethods=4942 adapters=430
 compilation: enabled
              stopped_count=0, restarted_count=0
 full_count=0

Compilation events (20 events):
Event: 7.309 Thread 0x000001ffdd19c830 4930       3       java.nio.MappedByteBuffer::position (6 bytes)
Event: 7.310 Thread 0x000001ffdd19c830 nmethod 4930 0x000001ffc9c6a790 code [0x000001ffc9c6a940, 0x000001ffc9c6ab50]
Event: 7.310 Thread 0x000001ffdd19c830 4933       3       java.nio.MappedByteBuffer::<init> (24 bytes)
Event: 7.310 Thread 0x000001ffdd19c830 nmethod 4933 0x000001ffc9c6ac90 code [0x000001ffc9c6ae40, 0x000001ffc9c6aff0]
Event: 7.310 Thread 0x000001ffdd19c830 4934       3       java.nio.DirectByteBufferR::<init> (25 bytes)
Event: 7.310 Thread 0x000001ffdd19c830 nmethod 4934 0x000001ffc9c6b090 code [0x000001ffc9c6b240, 0x000001ffc9c6b3c0]
Event: 7.310 Thread 0x000001ffdd19c830 4932   !   3       jdk.internal.jimage.BasicImageReader::slice (32 bytes)
Event: 7.311 Thread 0x000001ffdd19c830 nmethod 4932 0x000001ffc9c6b490 code [0x000001ffc9c6b660, 0x000001ffc9c6baa0]
Event: 7.311 Thread 0x000001ffdd19c830 4931   !   3       jdk.internal.jimage.BasicImageReader::getResourceBuffer (203 bytes)
Event: 7.311 Thread 0x000001ffdd19c830 nmethod 4931 0x000001ffc9c6bc10 code [0x000001ffc9c6c020, 0x000001ffc9c6d7c8]
Event: 7.311 Thread 0x000001ffdd19c830 4935       3       jdk.internal.jimage.ImageLocation::getUncompressedSize (7 bytes)
Event: 7.312 Thread 0x000001ffdd19c830 nmethod 4935 0x000001ffc9c6e290 code [0x000001ffc9c6e440, 0x000001ffc9c6e588]
Event: 7.312 Thread 0x000001ffdd19c830 4936   !   3       jdk.internal.jimage.BasicImageReader::readBuffer (238 bytes)
Event: 7.312 Thread 0x000001ffdd19c830 nmethod 4936 0x000001ffc9c6e610 code [0x000001ffc9c6e8e0, 0x000001ffc9c6f508]
Event: 7.314 Thread 0x000001ffdd19c830 4938       3       jdk.internal.jimage.BasicImageReader::findLocation (57 bytes)
Event: 7.315 Thread 0x000001ffdd19c830 nmethod 4938 0x000001ffc9c6fa10 code [0x000001ffc9c6fc80, 0x000001ffc9c70718]
Event: 7.315 Thread 0x000001ffdd19c830 4939       3       jdk.internal.module.SystemModuleFinders$SystemModuleReader::findImageLocation (42 bytes)
Event: 7.315 Thread 0x000001ffdd19c830 nmethod 4939 0x000001ffc9c70a90 code [0x000001ffc9c70cc0, 0x000001ffc9c71378]
Event: 7.315 Thread 0x000001ffdd19c830 4940       3       jdk.internal.jimage.ImageLocation::verify (38 bytes)
Event: 7.315 Thread 0x000001ffdd19c830 nmethod 4940 0x000001ffc9c71610 code [0x000001ffc9c71820, 0x000001ffc9c71dc0]

GC Heap History (10 events):
Event: 3.049 GC heap before
{Heap before GC invocations=0 (full 0):
 garbage-first heap   total 96256K, used 23552K [0x00000000a2200000, 0x0000000100000000)
  region size 1024K, 23 young (23552K), 0 survivors (0K)
 Metaspace       used 5623K, committed 5888K, reserved 1114112K
  class space    used 651K, committed 768K, reserved 1048576K
}
Event: 3.059 GC heap after
{Heap after GC invocations=1 (full 0):
 garbage-first heap   total 96256K, used 3756K [0x00000000a2200000, 0x0000000100000000)
  region size 1024K, 3 young (3072K), 3 survivors (3072K)
 Metaspace       used 5623K, committed 5888K, reserved 1114112K
  class space    used 651K, committed 768K, reserved 1048576K
}
Event: 3.738 GC heap before
{Heap before GC invocations=1 (full 0):
 garbage-first heap   total 96256K, used 34476K [0x00000000a2200000, 0x0000000100000000)
  region size 1024K, 34 young (34816K), 3 survivors (3072K)
 Metaspace       used 9876K, committed 10112K, reserved 1114112K
  class space    used 1160K, committed 1280K, reserved 1048576K
}
Event: 3.746 GC heap after
{Heap after GC invocations=2 (full 0):
 garbage-first heap   total 96256K, used 5878K [0x00000000a2200000, 0x0000000100000000)
  region size 1024K, 2 young (2048K), 2 survivors (2048K)
 Metaspace       used 9876K, committed 10112K, reserved 1114112K
  class space    used 1160K, committed 1280K, reserved 1048576K
}
Event: 5.060 GC heap before
{Heap before GC invocations=2 (full 0):
 garbage-first heap   total 96256K, used 61174K [0x00000000a2200000, 0x0000000100000000)
  region size 1024K, 56 young (57344K), 2 survivors (2048K)
 Metaspace       used 15631K, committed 15872K, reserved 1114112K
  class space    used 1821K, committed 1920K, reserved 1048576K
}
Event: 5.075 GC heap after
{Heap after GC invocations=3 (full 0):
 garbage-first heap   total 96256K, used 12049K [0x00000000a2200000, 0x0000000100000000)
  region size 1024K, 7 young (7168K), 7 survivors (7168K)
 Metaspace       used 15631K, committed 15872K, reserved 1114112K
  class space    used 1821K, committed 1920K, reserved 1048576K
}
Event: 6.522 GC heap before
{Heap before GC invocations=3 (full 0):
 garbage-first heap   total 96256K, used 62225K [0x00000000a2200000, 0x0000000100000000)
  region size 1024K, 56 young (57344K), 7 survivors (7168K)
 Metaspace       used 17562K, committed 17920K, reserved 1114112K
  class space    used 1999K, committed 2176K, reserved 1048576K
}
Event: 6.535 GC heap after
{Heap after GC invocations=4 (full 0):
 garbage-first heap   total 96256K, used 15807K [0x00000000a2200000, 0x0000000100000000)
  region size 1024K, 3 young (3072K), 3 survivors (3072K)
 Metaspace       used 17562K, committed 17920K, reserved 1114112K
  class space    used 1999K, committed 2176K, reserved 1048576K
}
Event: 7.316 GC heap before
{Heap before GC invocations=4 (full 0):
 garbage-first heap   total 96256K, used 48575K [0x00000000a2200000, 0x0000000100000000)
  region size 1024K, 30 young (30720K), 3 survivors (3072K)
 Metaspace       used 21122K, committed 21504K, reserved 1114112K
  class space    used 2435K, committed 2624K, reserved 1048576K
}
Event: 7.326 GC heap after
{Heap after GC invocations=5 (full 0):
 garbage-first heap   total 96256K, used 26624K [0x00000000a2200000, 0x0000000100000000)
  region size 1024K, 7 young (7168K), 7 survivors (7168K)
 Metaspace       used 21122K, committed 21504K, reserved 1114112K
  class space    used 2435K, committed 2624K, reserved 1048576K
}

Dll operation events (8 events):
Event: 0.012 Loaded shared library C:\Program Files\Java\jdk-21\bin\java.dll
Event: 0.054 Loaded shared library C:\Program Files\Java\jdk-21\bin\jsvml.dll
Event: 0.093 Loaded shared library C:\Program Files\Java\jdk-21\bin\net.dll
Event: 0.100 Loaded shared library C:\Program Files\Java\jdk-21\bin\nio.dll
Event: 0.175 Loaded shared library C:\Program Files\Java\jdk-21\bin\zip.dll
Event: 0.458 Loaded shared library C:\Program Files\Java\jdk-21\bin\jimage.dll
Event: 0.462 Loaded shared library C:\Program Files\Apache Software Foundation\apache-maven-3.9.11\lib\jansi-native\Windows\x86_64\jansi.dll
Event: 0.478 Loaded shared library C:\Program Files\Java\jdk-21\bin\verify.dll

Deoptimization events (20 events):
Event: 7.237 Thread 0x000001ffbeb34810 Uncommon trap: trap_request=0xffffff45 fr.pc=0x000001ffd0fa31f0 relative=0x0000000000000fb0
Event: 7.237 Thread 0x000001ffbeb34810 Uncommon trap: reason=unstable_if action=reinterpret pc=0x000001ffd0fa31f0 method=java.lang.String.<init>(Ljava/nio/charset/Charset;[BII)V @ 34 c2
Event: 7.237 Thread 0x000001ffbeb34810 DEOPT PACKING pc=0x000001ffd0fa31f0 sp=0x000000daea0fc9e0
Event: 7.237 Thread 0x000001ffbeb34810 DEOPT UNPACKING pc=0x000001ffd08046a2 sp=0x000000daea0fc9b8 mode 2
Event: 7.243 Thread 0x000001ffbeb34810 Uncommon trap: trap_request=0xffffffde fr.pc=0x000001ffd0f68ca0 relative=0x0000000000000160
Event: 7.243 Thread 0x000001ffbeb34810 Uncommon trap: reason=class_check action=maybe_recompile pc=0x000001ffd0f68ca0 method=java.util.stream.StreamOpFlag.fromCharacteristics(Ljava/util/Spliterator;)I @ 14 c2
Event: 7.243 Thread 0x000001ffbeb34810 DEOPT PACKING pc=0x000001ffd0f68ca0 sp=0x000000daea0fd690
Event: 7.243 Thread 0x000001ffbeb34810 DEOPT UNPACKING pc=0x000001ffd08046a2 sp=0x000000daea0fd5e0 mode 2
Event: 7.247 Thread 0x000001ffbeb34810 Uncommon trap: trap_request=0xffffff45 fr.pc=0x000001ffd0fb8290 relative=0x00000000000000f0
Event: 7.247 Thread 0x000001ffbeb34810 Uncommon trap: reason=unstable_if action=reinterpret pc=0x000001ffd0fb8290 method=jdk.nio.zipfs.ZipConstants.pkSigAt([BIII)Z @ 5 c2
Event: 7.247 Thread 0x000001ffbeb34810 DEOPT PACKING pc=0x000001ffd0fb8290 sp=0x000000daea0fd660
Event: 7.247 Thread 0x000001ffbeb34810 DEOPT UNPACKING pc=0x000001ffd08046a2 sp=0x000000daea0fd608 mode 2
Event: 7.260 Thread 0x000001ffbeb34810 Uncommon trap: trap_request=0xffffff76 fr.pc=0x000001ffd0fb94f8 relative=0x00000000000001d8
Event: 7.260 Thread 0x000001ffbeb34810 Uncommon trap: reason=predicate action=maybe_recompile pc=0x000001ffd0fb94f8 method=java.util.LinkedHashMap.valuesToArray([Ljava/lang/Object;Z)[Ljava/lang/Object; @ 53 c2
Event: 7.260 Thread 0x000001ffbeb34810 DEOPT PACKING pc=0x000001ffd0fb94f8 sp=0x000000daea0fd6e0
Event: 7.260 Thread 0x000001ffbeb34810 DEOPT UNPACKING pc=0x000001ffd08046a2 sp=0x000000daea0fd690 mode 2
Event: 7.278 Thread 0x000001ffbeb34810 Uncommon trap: trap_request=0xffffffde fr.pc=0x000001ffd0f59d2c relative=0x0000000000001dec
Event: 7.278 Thread 0x000001ffbeb34810 Uncommon trap: reason=class_check action=maybe_recompile pc=0x000001ffd0f59d2c method=java.util.zip.InflaterInputStream.read([BII)I @ 78 c2
Event: 7.278 Thread 0x000001ffbeb34810 DEOPT PACKING pc=0x000001ffd0f59d2c sp=0x000000daea0fd1a0
Event: 7.278 Thread 0x000001ffbeb34810 DEOPT UNPACKING pc=0x000001ffd08046a2 sp=0x000000daea0fd1f0 mode 2

Classes loaded (20 events):
Event: 7.275 Loading class java/security/AllPermissionCollection
Event: 7.275 Loading class java/security/AllPermissionCollection done
Event: 7.275 Loading class jdk/internal/jrtfs/SystemImage$2
Event: 7.275 Loading class jdk/internal/jrtfs/SystemImage$2 done
Event: 7.275 Loading class jdk/internal/jimage/ImageReader$Directory
Event: 7.276 Loading class jdk/internal/jimage/ImageReader$Node
Event: 7.276 Loading class jdk/internal/jimage/ImageReader$Node done
Event: 7.276 Loading class jdk/internal/jimage/ImageReader$Directory done
Event: 7.276 Loading class jdk/internal/jrtfs/SystemImage$1
Event: 7.276 Loading class jdk/internal/jrtfs/SystemImage$1 done
Event: 7.277 Loading class java/io/BufferedReader$1
Event: 7.277 Loading class java/io/BufferedReader$1 done
Event: 7.279 Loading class jdk/internal/jimage/ImageReader$SharedImageReader$LocationVisitor
Event: 7.279 Loading class jdk/internal/jimage/ImageReader$SharedImageReader$LocationVisitor done
Event: 7.280 Loading class java/nio/ByteBufferAsIntBufferL
Event: 7.280 Loading class java/nio/ByteBufferAsIntBufferL done
Event: 7.282 Loading class jdk/internal/jimage/ImageReader$Resource
Event: 7.283 Loading class jdk/internal/jimage/ImageReader$Resource done
Event: 7.283 Loading class jdk/internal/jrtfs/JrtFileAttributes
Event: 7.283 Loading class jdk/internal/jrtfs/JrtFileAttributes done

Classes unloaded (0 events):
No events

Classes redefined (0 events):
No events

Internal exceptions (20 events):
Event: 6.485 Thread 0x000001ffbeb34810 Exception <a 'sun/nio/fs/WindowsException'{0x00000000a4fcc528}> (0x00000000a4fcc528) 
thrown [s\open\src\hotspot\share\prims\jni.cpp, line 520]
Event: 6.489 Thread 0x000001ffbeb34810 Exception <a 'sun/nio/fs/WindowsException'{0x00000000a4fcd638}> (0x00000000a4fcd638) 
thrown [s\open\src\hotspot\share\prims\jni.cpp, line 520]
Event: 6.493 Thread 0x000001ffbeb34810 Exception <a 'sun/nio/fs/WindowsException'{0x00000000a4fce718}> (0x00000000a4fce718) 
thrown [s\open\src\hotspot\share\prims\jni.cpp, line 520]
Event: 6.496 Thread 0x000001ffbeb34810 Exception <a 'sun/nio/fs/WindowsException'{0x00000000a4fcf990}> (0x00000000a4fcf990) 
thrown [s\open\src\hotspot\share\prims\jni.cpp, line 520]
Event: 6.498 Thread 0x000001ffbeb34810 Exception <a 'sun/nio/fs/WindowsException'{0x00000000a4fd0b78}> (0x00000000a4fd0b78) 
thrown [s\open\src\hotspot\share\prims\jni.cpp, line 520]
Event: 6.500 Thread 0x000001ffbeb34810 Exception <a 'sun/nio/fs/WindowsException'{0x00000000a4fd1ce0}> (0x00000000a4fd1ce0) 
thrown [s\open\src\hotspot\share\prims\jni.cpp, line 520]
Event: 6.502 Thread 0x000001ffbeb34810 Exception <a 'sun/nio/fs/WindowsException'{0x00000000a4fd2e68}> (0x00000000a4fd2e68) 
thrown [s\open\src\hotspot\share\prims\jni.cpp, line 520]
Event: 6.504 Thread 0x000001ffbeb34810 Exception <a 'sun/nio/fs/WindowsException'{0x00000000a4fd3fc0}> (0x00000000a4fd3fc0) 
thrown [s\open\src\hotspot\share\prims\jni.cpp, line 520]
Event: 6.507 Thread 0x000001ffbeb34810 Exception <a 'sun/nio/fs/WindowsException'{0x00000000a4fd5108}> (0x00000000a4fd5108) 
thrown [s\open\src\hotspot\share\prims\jni.cpp, line 520]
Event: 6.509 Thread 0x000001ffbeb34810 Exception <a 'sun/nio/fs/WindowsException'{0x00000000a4fd6250}> (0x00000000a4fd6250) 
thrown [s\open\src\hotspot\share\prims\jni.cpp, line 520]
Event: 6.511 Thread 0x000001ffbeb34810 Exception <a 'sun/nio/fs/WindowsException'{0x00000000a4fd7398}> (0x00000000a4fd7398) 
thrown [s\open\src\hotspot\share\prims\jni.cpp, line 520]
Event: 6.512 Thread 0x000001ffbeb34810 Exception <a 'sun/nio/fs/WindowsException'{0x00000000a4fd8520}> (0x00000000a4fd8520) 
thrown [s\open\src\hotspot\share\prims\jni.cpp, line 520]
Event: 6.515 Thread 0x000001ffbeb34810 Exception <a 'sun/nio/fs/WindowsException'{0x00000000a4fd95b0}> (0x00000000a4fd95b0) 
thrown [s\open\src\hotspot\share\prims\jni.cpp, line 520]
Event: 6.874 Thread 0x000001ffbeb34810 Exception <a 'sun/nio/fs/WindowsException'{0x00000000a745e588}> (0x00000000a745e588) 
thrown [s\open\src\hotspot\share\prims\jni.cpp, line 520]
Event: 6.885 Thread 0x000001ffbeb34810 Exception <a 'java/lang/IncompatibleClassChangeError'{0x00000000a74a8910}: Found class java.lang.Object, but interface was expected> (0x00000000a74a8910) 
thrown [s\open\src\hotspot\share\interpreter\linkResolver.cpp, line 840]
Event: 6.887 Thread 0x000001ffbeb34810 Exception <a 'java/lang/NoSuchMethodError'{0x00000000a74ad938}: 'void java.lang.invoke.DirectMethodHandle$Holder.invokeInterface(java.lang.Object, java.lang.Object, java.lang.Object)'> (0x00000000a74ad938) 
thrown [s\open\src\hotspot\share\interpreter\linkResolver.cpp, line 773]
Event: 6.985 Thread 0x000001ffbeb34810 Exception <a 'java/lang/NoSuchMethodError'{0x00000000a73cd890}: 'int java.lang.invoke.DirectMethodHandle$Holder.invokeInterface(java.lang.Object, java.lang.Object)'> (0x00000000a73cd890) 
thrown [s\open\src\hotspot\share\interpreter\linkResolver.cpp, line 773]
Event: 7.182 Thread 0x000001ffbeb34810 Exception <a 'java/lang/NoSuchMethodError'{0x00000000a70f35c0}: 'int java.lang.invoke.DirectMethodHandle$Holder.invokeVirtual(java.lang.Object, java.lang.Object, java.lang.Object)'> (0x00000000a70f35c0) 
thrown [s\open\src\hotspot\share\interpreter\linkResolver.cpp, line 773]
Event: 7.184 Thread 0x000001ffbeb34810 Exception <a 'java/lang/NoSuchMethodError'{0x00000000a6f004c8}: 'int java.lang.invoke.DirectMethodHandle$Holder.invokeStaticInit(java.lang.Object, java.lang.Object, java.lang.Object)'> (0x00000000a6f004c8) 
thrown [s\open\src\hotspot\share\interpreter\linkResolver.cpp, line 773]
Event: 7.296 Thread 0x000001ffbeb34810 Exception <a 'sun/nio/fs/WindowsException'{0x00000000a66bdc50}> (0x00000000a66bdc50) 
thrown [s\open\src\hotspot\share\prims\jni.cpp, line 520]

ZGC Phase Switch (0 events):
No events

VM Operations (20 events):
Event: 6.926 Executing VM operation: HandshakeAllThreads (Deoptimize)
Event: 6.926 Executing VM operation: HandshakeAllThreads (Deoptimize) done
Event: 6.983 Executing VM operation: HandshakeAllThreads (Deoptimize)
Event: 6.983 Executing VM operation: HandshakeAllThreads (Deoptimize) done
Event: 7.187 Executing VM operation: HandshakeAllThreads (Deoptimize)
Event: 7.187 Executing VM operation: HandshakeAllThreads (Deoptimize) done
Event: 7.191 Executing VM operation: HandshakeAllThreads (Deoptimize)
Event: 7.191 Executing VM operation: HandshakeAllThreads (Deoptimize) done
Event: 7.200 Executing VM operation: HandshakeAllThreads (Deoptimize)
Event: 7.200 Executing VM operation: HandshakeAllThreads (Deoptimize) done
Event: 7.281 Executing VM operation: HandshakeAllThreads (Deoptimize)
Event: 7.281 Executing VM operation: HandshakeAllThreads (Deoptimize) done
Event: 7.282 Executing VM operation: HandshakeAllThreads (Deoptimize)
Event: 7.282 Executing VM operation: HandshakeAllThreads (Deoptimize) done
Event: 7.316 Executing VM operation: CollectForMetadataAllocation (Metadata GC Threshold)
Event: 7.326 Executing VM operation: CollectForMetadataAllocation (Metadata GC Threshold) done
Event: 7.336 Executing VM operation: G1PauseRemark
Event: 7.342 Executing VM operation: G1PauseRemark done
Event: 7.344 Executing VM operation: G1PauseCleanup
Event: 7.344 Executing VM operation: G1PauseCleanup done

Events (20 events):
Event: 0.029 Thread 0x000001ffbeb34810 Thread added: 0x000001ffbeb34810
Event: 0.050 Thread 0x000001ffdd17d270 Thread added: 0x000001ffdd17d270
Event: 0.050 Thread 0x000001ffdd17ebf0 Thread added: 0x000001ffdd17ebf0
Event: 0.050 Thread 0x000001ffdd184c60 Thread added: 0x000001ffdd184c60
Event: 0.050 Thread 0x000001ffdd185c80 Thread added: 0x000001ffdd185c80
Event: 0.050 Thread 0x000001ffdd187400 Thread added: 0x000001ffdd187400
Event: 0.051 Thread 0x000001ffdd188b80 Thread added: 0x000001ffdd188b80
Event: 0.051 Thread 0x000001ffdd18f600 Thread added: 0x000001ffdd18f600
Event: 0.051 Thread 0x000001ffdd19c830 Thread added: 0x000001ffdd19c830
Event: 0.079 Thread 0x000001ffdd439020 Thread added: 0x000001ffdd439020
Event: 0.084 Thread 0x000001ffdd4474e0 Thread added: 0x000001ffdd4474e0
Event: 0.456 Thread 0x000001ffdd4bd890 Thread added: 0x000001ffdd4bd890
Event: 0.492 Thread 0x000001ffdd4bd890 Thread exited: 0x000001ffdd4bd890
Event: 3.004 Thread 0x000001ffddd83b90 Thread added: 0x000001ffddd83b90
Event: 3.606 Thread 0x000001ffddd83b90 Thread exited: 0x000001ffddd83b90
Event: 3.931 Thread 0x00000200230d7e40 Thread added: 0x00000200230d7e40
Event: 4.279 Thread 0x000002002360f270 Thread added: 0x000002002360f270
Event: 6.008 Thread 0x00000200230d7e40 Thread exited: 0x00000200230d7e40
Event: 6.117 Thread 0x00000200249eb090 Thread added: 0x00000200249eb090
Event: 7.019 Thread 0x00000200249eb090 Thread exited: 0x00000200249eb090


Dynamic libraries:
0x00007ff6052a0000 - 0x00007ff6052b0000 	C:\Program Files\Java\jdk-21\bin\java.exe
0x00007fff2a280000 - 0x00007fff2a4e8000 	C:\WINDOWS\SYSTEM32\ntdll.dll
0x00007fff28b20000 - 0x00007fff28be9000 	C:\WINDOWS\System32\KERNEL32.DLL
0x00007fff27410000 - 0x00007fff27802000 	C:\WINDOWS\System32\KERNELBASE.dll
0x00007fff27b90000 - 0x00007fff27cdb000 	C:\WINDOWS\System32\ucrtbase.dll
0x00007ffefbbb0000 - 0x00007ffefbbc9000 	C:\Program Files\Java\jdk-21\bin\jli.dll
0x00007ffefbb90000 - 0x00007ffefbbab000 	C:\Program Files\Java\jdk-21\bin\VCRUNTIME140.dll
0x00007fff29050000 - 0x00007fff29104000 	C:\WINDOWS\System32\ADVAPI32.dll
0x00007fff28c80000 - 0x00007fff28d29000 	C:\WINDOWS\System32\msvcrt.dll
0x00007fff29df0000 - 0x00007fff29e96000 	C:\WINDOWS\System32\sechost.dll
0x00007fff29a70000 - 0x00007fff29b88000 	C:\WINDOWS\System32\RPCRT4.dll
0x00007fff28d40000 - 0x00007fff28f05000 	C:\WINDOWS\System32\USER32.dll
0x00007fff140b0000 - 0x00007fff14343000 	C:\WINDOWS\WinSxS\amd64_microsoft.windows.common-controls_6595b64144ccf1df_6.0.26100.6899_none_3e0efeeae32e88c1\COMCTL32.dll
0x00007fff27810000 - 0x00007fff27837000 	C:\WINDOWS\System32\win32u.dll
0x00007fff284f0000 - 0x00007fff2851b000 	C:\WINDOWS\System32\GDI32.dll
0x00007fff27ce0000 - 0x00007fff27e0d000 	C:\WINDOWS\System32\gdi32full.dll
0x00007fff278e0000 - 0x00007fff27983000 	C:\WINDOWS\System32\msvcp_win.dll
0x00007fff1e810000 - 0x00007fff1e81b000 	C:\WINDOWS\SYSTEM32\VERSION.dll
0x00007fff28f10000 - 0x00007fff28f3f000 	C:\WINDOWS\System32\IMM32.DLL
0x00007fff07d80000 - 0x00007fff07d8c000 	C:\Program Files\Java\jdk-21\bin\vcruntime140_1.dll
0x00007ffecf2d0000 - 0x00007ffecf35e000 	C:\Program Files\Java\jdk-21\bin\msvcp140.dll
0x00007ffe96430000 - 0x00007ffe9714d000 	C:\Program Files\Java\jdk-21\bin\server\jvm.dll
0x00007fff28110000 - 0x00007fff28184000 	C:\WINDOWS\System32\WS2_32.dll
0x00007fff27270000 - 0x00007fff272ce000 	C:\WINDOWS\SYSTEM32\POWRPROF.dll
0x00007fff1e7d0000 - 0x00007fff1e805000 	C:\WINDOWS\SYSTEM32\WINMM.dll
0x00007fff27250000 - 0x00007fff27264000 	C:\WINDOWS\SYSTEM32\UMPDC.dll
0x00007fff261e0000 - 0x00007fff261fb000 	C:\WINDOWS\SYSTEM32\kernel.appcore.dll
0x00007fff06a70000 - 0x00007fff06a7a000 	C:\Program Files\Java\jdk-21\bin\jimage.dll
0x00007fff24c20000 - 0x00007fff24e62000 	C:\WINDOWS\SYSTEM32\DBGHELP.DLL
0x00007fff29eb0000 - 0x00007fff2a22b000 	C:\WINDOWS\System32\combase.dll
0x00007fff28f50000 - 0x00007fff29027000 	C:\WINDOWS\System32\OLEAUT32.dll
0x00007fff15ac0000 - 0x00007fff15afc000 	C:\WINDOWS\SYSTEM32\dbgcore.DLL
0x00007fff27840000 - 0x00007fff278d8000 	C:\WINDOWS\System32\bcryptPrimitives.dll
0x00007ffefbb70000 - 0x00007ffefbb8f000 	C:\Program Files\Java\jdk-21\bin\java.dll
0x00007fff29180000 - 0x00007fff298cd000 	C:\WINDOWS\System32\SHELL32.dll
0x00007fff27a20000 - 0x00007fff27b8b000 	C:\WINDOWS\System32\wintypes.dll
0x00007fff25050000 - 0x00007fff258ad000 	C:\WINDOWS\SYSTEM32\windows.storage.dll
0x00007fff29cf0000 - 0x00007fff29de2000 	C:\WINDOWS\System32\SHCORE.dll
0x00007fff28050000 - 0x00007fff280b2000 	C:\WINDOWS\System32\shlwapi.dll
0x00007fff27330000 - 0x00007fff27359000 	C:\WINDOWS\SYSTEM32\profapi.dll
0x00007ffecd920000 - 0x00007ffecd9f7000 	C:\Program Files\Java\jdk-21\bin\jsvml.dll
0x00007fff01430000 - 0x00007fff01440000 	C:\Program Files\Java\jdk-21\bin\net.dll
0x00007fff1ebe0000 - 0x00007fff1ecff000 	C:\WINDOWS\SYSTEM32\WINHTTP.dll
0x00007fff26750000 - 0x00007fff267bb000 	C:\WINDOWS\system32\mswsock.dll
0x00007ffefbb50000 - 0x00007ffefbb66000 	C:\Program Files\Java\jdk-21\bin\nio.dll
0x00007ffefa750000 - 0x00007ffefa768000 	C:\Program Files\Java\jdk-21\bin\zip.dll
0x00007ffefa720000 - 0x00007ffefa744000 	C:\Program Files\Apache Software Foundation\apache-maven-3.9.11\lib\jansi-native\Windows\x86_64\jansi.dll
0x00007fff00010000 - 0x00007fff00020000 	C:\Program Files\Java\jdk-21\bin\verify.dll
0x00007fff26300000 - 0x00007fff26336000 	C:\WINDOWS\SYSTEM32\ntmarta.dll

dbghelp: loaded successfully - version: 4.0.5 - missing functions: none
symbol engine: initialized successfully - sym options: 0x614 - pdb path: .;C:\Program Files\Java\jdk-21\bin;C:\WINDOWS\SYSTEM32;C:\WINDOWS\WinSxS\amd64_microsoft.windows.common-controls_6595b64144ccf1df_6.0.26100.6899_none_3e0efeeae32e88c1;C:\Program Files\Java\jdk-21\bin\server;C:\Program Files\Apache Software Foundation\apache-maven-3.9.11\lib\jansi-native\Windows\x86_64

VM Arguments:
jvm_args: --enable-native-access=ALL-UNNAMED -Dclassworlds.conf=C:\Program Files\Apache Software Foundation\apache-maven-3.9.11\bin\m2.conf -Dmaven.home=C:\Program Files\Apache Software Foundation\apache-maven-3.9.11 -Dlibrary.jansi.path=C:\Program Files\Apache Software Foundation\apache-maven-3.9.11\lib\jansi-native -Dmaven.multiModuleProjectDirectory=C:\portfolio 
java_command: org.codehaus.plexus.classworlds.launcher.Launcher clean package
java_class_path (initial): C:\Program Files\Apache Software Foundation\apache-maven-3.9.11\boot\plexus-classworlds-2.9.0.jar
Launcher Type: SUN_STANDARD

[Global flags]
     intx CICompilerCount                          = 4                                         {product} {ergonomic}
     uint ConcGCThreads                            = 3                                         {product} {ergonomic}
     uint G1ConcRefinementThreads                  = 10                                        {product} {ergonomic}
   size_t G1HeapRegionSize                         = 1048576                                   {product} {ergonomic}
    uintx GCDrainStackTargetSize                   = 64                                        {product} {ergonomic}
   size_t InitialHeapSize                          = 98566144                                  {product} {ergonomic}
   size_t MarkStackSize                            = 4194304                                   {product} {ergonomic}
   size_t MaxHeapSize                              = 1574961152                                {product} {ergonomic}
   size_t MaxNewSize                               = 944766976                                 {product} {ergonomic}
   size_t MinHeapDeltaBytes                        = 1048576                                   {product} {ergonomic}
   size_t MinHeapSize                              = 8388608                                   {product} {ergonomic}
    uintx NonNMethodCodeHeapSize                   = 5839372                                {pd product} {ergonomic}
    uintx NonProfiledCodeHeapSize                  = 122909434                              {pd product} {ergonomic}
    uintx ProfiledCodeHeapSize                     = 122909434                              {pd product} {ergonomic}
    uintx ReservedCodeCacheSize                    = 251658240                              {pd product} {ergonomic}
     bool SegmentedCodeCache                       = true                                      {product} {ergonomic}
   size_t SoftMaxHeapSize                          = 1574961152                             {manageable} {ergonomic}
     bool UseCompressedOops                        = true                           {product lp64_product} {ergonomic}
     bool UseG1GC                                  = true                                      {product} {ergonomic}
     bool UseLargePagesIndividualAllocation        = false                                  {pd product} {ergonomic}

Logging:
Log output configuration:
 #0: stdout all=warning uptime,level,tags foldmultilines=false
 #1: stderr all=off uptime,level,tags foldmultilines=false

Environment Variables:
JAVA_HOME=C:\Program Files\Java\jdk-21
CLASSPATH=C:\mysql-connector-j-9.0.0.jar.;
PATH=C:\Python312\Scripts\;C:\Python312\;C:\Program Files\Common Files\Oracle\Java\javapath;C:\WINDOWS\system32;C:\WINDOWS;C:\WINDOWS\System32\Wbem;C:\WINDOWS\System32\WindowsPowerShell\v1.0\;C:\WINDOWS\System32\OpenSSH\;C:\Program Files\Java\jdk-18.0.2.1\bin;C:\Program Files\nodejs\;C:\ProgramData\chocolatey\bin;C:\Program Files\MySQL\MySQL Server 8.0\bin;C:\Tomcat\apache-tomcat-10.1.31\bin;C:\Program Files\Java\jdk-18.0.2.1\bin;C:\Users\MANOJ\OneDrive\Documents\chromedriver-win64;C:\Program Files\Amazon\AWSCLIV2\;C:\Program Files\PuTTY\;C:\Program Files\Docker\Docker\resources\bin;C:\Program Files\Git\cmd;C:\Program Files\Apache Software Foundation\apache-maven-3.9.11\bin;C:\Program Files\Java\jdk-21\bin;C:\Program Files\MySQL\MySQL Shell 8.0\bin\;C:\Users\MANOJ\AppData\Local\Microsoft\WindowsApps;C:\Users\MANOJ\AppData\Local\Programs\Microsoft VS Code\bin;C:\Users\MANOJ\AppData\Roaming\npm;C:\Users\MANOJ\AppData\Local\Programs\Microsoft VS Code Insiders\bin;
USERNAME=MANOJ
OS=Windows_NT
PROCESSOR_IDENTIFIER=AMD64 Family 23 Model 104 Stepping 1, AuthenticAMD
TMP=C:\Users\MANOJ\AppData\Local\Temp
TEMP=C:\Users\MANOJ\AppData\Local\Temp




Periodic native trim disabled

---------------  S Y S T E M  ---------------

OS:
 Windows 11 , 64 bit Build 26100 (10.0.26100.6725)
OS uptime: 0 days 23:50 hours
Hyper-V role detected

CPU: total 12 (initial active 12) (12 cores per cpu, 2 threads per core) family 23 model 104 stepping 1 microcode 0x8608103, cx8, cmov, fxsr, ht, mmx, 3dnowpref, sse, sse2, sse3, ssse3, sse4a, sse4.1, sse4.2, popcnt, lzcnt, tsc, tscinvbit, avx, avx2, aes, clmul, bmi1, bmi2, adx, sha, fma, vzeroupper, clflush, clflushopt, hv, rdtscp, rdpid, f16c
Processor Information for processor 0
  Max Mhz: 2100, Current Mhz: 2100, Mhz Limit: 2100
Processor Information for processor 1
  Max Mhz: 2100, Current Mhz: 1988, Mhz Limit: 2100
Processor Information for processor 2
  Max Mhz: 2100, Current Mhz: 2100, Mhz Limit: 2100
Processor Information for processor 3
  Max Mhz: 2100, Current Mhz: 1988, Mhz Limit: 2100
Processor Information for processor 4
  Max Mhz: 2100, Current Mhz: 2100, Mhz Limit: 2100
Processor Information for processor 5
  Max Mhz: 2100, Current Mhz: 1988, Mhz Limit: 2100
Processor Information for processor 6
  Max Mhz: 2100, Current Mhz: 2100, Mhz Limit: 2100
Processor Information for processor 7
  Max Mhz: 2100, Current Mhz: 1988, Mhz Limit: 2100
Processor Information for processor 8
  Max Mhz: 2100, Current Mhz: 1988, Mhz Limit: 2100
Processor Information for processor 9
  Max Mhz: 2100, Current Mhz: 1988, Mhz Limit: 2100
Processor Information for processor 10
  Max Mhz: 2100, Current Mhz: 2100, Mhz Limit: 2100
Processor Information for processor 11
  Max Mhz: 2100, Current Mhz: 1988, Mhz Limit: 2100

Memory: 4k page, system-wide physical 6005M (424M free)
TotalPageFile size 24437M (AvailPageFile size 3M)
current process WorkingSet (physical memory assigned to process): 197M, peak: 197M
current process commit charge ("private bytes"): 248M, peak: 248M

vm_info: Java HotSpot(TM) 64-Bit Server VM (21.0.9+7-LTS-338) for windows-amd64 JRE (21.0.9+7-LTS-338), built on 2025-09-26T06:33:49Z by "mach5run" with MS VC++ 17.6 (VS2022)

END.
